<?xml version="1.0" encoding="UTF-8"?>
<!-- Generated by org.testng.reporters.JUnitReportReporter -->
<testsuite ignored="0" hostname="DESKTOP-SKD8PO3" failures="0" tests="3" name="testng.parallel2" time="0.018" errors="0" timestamp="07 Apr 2025 15:46:27 GMT" skipped="0">
  <testcase classname="testng.parallel2" name="e" time="0.004"/>
  <testcase classname="testng.parallel2" name="f" time="0.002"/>
  <testcase classname="testng.parallel2" name="d" time="0.012"/>
</testsuite> <!-- testng.parallel2 -->
