<?xml version="1.0" encoding="UTF-8"?>
<!-- Generated by org.testng.reporters.JUnitReportReporter -->
<testsuite ignored="3" hostname="DESKTOP-SKD8PO3" failures="0" tests="2" name="testng.Test2group$Test2" time="0.020" errors="0" timestamp="05 Apr 2025 14:16:30 GMT" skipped="0">
  <testcase classname="testng.Test2group$Test2" name="Test1" time="0.018"/>
  <testcase classname="testng.Test2group$Test2" name="Test3" time="0.002"/>
  <testcase classname="testng.Test2group$Test2" name="Test2">
    <skipped/>
  </testcase> <!-- Test2 -->
  <testcase classname="testng.Test1group" name="user">
    <skipped/>
  </testcase> <!-- user -->
  <testcase classname="testng.Test1group" name="login">
    <skipped/>
  </testcase> <!-- login -->
</testsuite> <!-- testng.Test2group$Test2 -->
