<?xml version="1.0" encoding="UTF-8"?>
<!-- Generated by org.testng.reporters.JUnitReportReporter -->
<testsuite ignored="0" hostname="DESKTOP-SKD8PO3" failures="0" tests="3" name="testng.parallel1" time="0.020" errors="0" timestamp="07 Apr 2025 15:46:27 GMT" skipped="0">
  <testcase classname="testng.parallel1" name="c" time="0.004"/>
  <testcase classname="testng.parallel1" name="b" time="0.004"/>
  <testcase classname="testng.parallel1" name="a" time="0.012"/>
</testsuite> <!-- testng.parallel1 -->
