<?xml version="1.0" encoding="UTF-8"?>
<!-- Generated by org.testng.reporters.JUnitReportReporter -->
<testsuite ignored="2" hostname="DESKTOP-SKD8PO3" failures="0" tests="1" name="testng.Ignore" time="0.021" errors="0" timestamp="05 Apr 2025 14:26:20 GMT" skipped="0">
  <testcase classname="testng.Ignore" name="pass" time="0.021"/>
  <testcase classname="testng.Ignore" name="user">
    <skipped/>
  </testcase> <!-- user -->
  <testcase classname="testng.Ignore" name="login">
    <skipped/>
  </testcase> <!-- login -->
</testsuite> <!-- testng.Ignore -->
