<?xml version="1.0" encoding="UTF-8"?>
<!-- Generated by org.testng.reporters.JUnitReportReporter -->
<testsuite ignored="0" hostname="DESKTOP-SKD8PO3" failures="0" tests="1" name="testng.TestLogin" time="0.014" errors="0" timestamp="08 Apr 2025 07:11:07 GMT" skipped="0">
  <testcase classname="testng.TestLogin" name="loginTest" time="0.014"/>
</testsuite> <!-- testng.TestLogin -->
