<?xml version="1.0" encoding="UTF-8"?>
<!-- Generated by org.testng.reporters.JUnitReportReporter -->
<testsuite ignored="1" hostname="DESKTOP-SKD8PO3" failures="0" tests="2" name="testng.Ignore$priority" time="0.018" errors="0" timestamp="05 Apr 2025 14:22:50 GMT" skipped="0">
  <testcase classname="testng.Ignore$priority" name="login" time="0.017"/>
  <testcase classname="testng.Ignore$priority" name="pass" time="0.001"/>
  <testcase classname="testng.Ignore$priority" name="user">
    <skipped/>
  </testcase> <!-- user -->
</testsuite> <!-- testng.Ignore$priority -->
