<?xml version="1.0" encoding="UTF-8"?>
<!-- Generated by org.testng.reporters.JUnitReportReporter -->
<testsuite ignored="0" hostname="DESKTOP-SKD8PO3" failures="0" tests="3" name="testng.parallel_Method" time="0.031" errors="0" timestamp="07 Apr 2025 15:53:18 GMT" skipped="0">
  <testcase classname="testng.parallel_Method" name="b" time="0.014"/>
  <testcase classname="testng.parallel_Method" name="a" time="0.014"/>
  <testcase classname="testng.parallel_Method" name="c" time="0.003"/>
</testsuite> <!-- testng.parallel_Method -->
