<?xml version="1.0" encoding="UTF-8"?>
<!-- Generated by org.testng.reporters.JUnitReportReporter -->
<testsuite ignored="0" hostname="DESKTOP-SKD8PO3" failures="0" tests="2" name="testng.parallel_Test" time="9.867" errors="0" timestamp="07 Apr 2025 15:59:50 GMT" skipped="0">
  <testcase classname="testng.parallel_Test" name="user" time="5.425"/>
  <testcase classname="testng.parallel_Test" name="user" time="4.442"/>
</testsuite> <!-- testng.parallel_Test -->
