<?xml version="1.0" encoding="UTF-8"?>
<!-- Generated by org.testng.reporters.JUnitReportReporter -->
<testsuite ignored="0" hostname="DESKTOP-SKD8PO3" failures="0" tests="3" name="testng.Test1" time="0.023" errors="0" timestamp="05 Apr 2025 14:05:32 GMT" skipped="0">
  <testcase classname="testng.Test1" name="pass" time="0.003"/>
  <testcase classname="testng.Test1" name="login" time="0.018"/>
  <testcase classname="testng.Test1" name="user" time="0.002"/>
</testsuite> <!-- testng.Test1 -->
