<?xml version="1.0" encoding="UTF-8"?>
<!-- Generated by org.testng.reporters.JUnitReportReporter -->
<testsuite ignored="0" hostname="DESKTOP-SKD8PO3" failures="0" tests="3" name="testng.priority" time="0.015" errors="0" timestamp="05 Apr 2025 13:06:10 GMT" skipped="0">
  <testcase classname="testng.priority" name="user" time="0.010"/>
  <testcase classname="testng.priority" name="pass" time="0.002"/>
  <testcase classname="testng.priority" name="login" time="0.003"/>
</testsuite> <!-- testng.priority -->
