<?xml version="1.0" encoding="UTF-8"?>
<!-- Generated by org.testng.reporters.JUnitReportReporter -->
<testsuite ignored="0" hostname="DESKTOP-SKD8PO3" failures="0" tests="3" name="testng.Test2" time="0.010" errors="0" timestamp="05 Apr 2025 14:05:32 GMT" skipped="0">
  <testcase classname="testng.Test2" name="Test3" time="0.003"/>
  <testcase classname="testng.Test2" name="Test1" time="0.002"/>
  <testcase classname="testng.Test2" name="Test2" time="0.005"/>
</testsuite> <!-- testng.Test2 -->
