<?xml version="1.0" encoding="UTF-8"?>
<!-- Generated by org.testng.reporters.JUnitReportReporter -->
<testsuite ignored="0" hostname="DESKTOP-SKD8PO3" failures="0" tests="10" name="testng.InvocationCount" time="0.063" errors="0" timestamp="05 Apr 2025 13:16:25 GMT" skipped="0">
  <testcase classname="testng.InvocationCount" name="user" time="0.030"/>
  <testcase classname="testng.InvocationCount" name="user" time="0.002"/>
  <testcase classname="testng.InvocationCount" name="user" time="0.004"/>
  <testcase classname="testng.InvocationCount" name="user" time="0.003"/>
  <testcase classname="testng.InvocationCount" name="user" time="0.002"/>
  <testcase classname="testng.InvocationCount" name="user" time="0.012"/>
  <testcase classname="testng.InvocationCount" name="user" time="0.004"/>
  <testcase classname="testng.InvocationCount" name="user" time="0.002"/>
  <testcase classname="testng.InvocationCount" name="user" time="0.002"/>
  <testcase classname="testng.InvocationCount" name="user" time="0.002"/>
</testsuite> <!-- testng.InvocationCount -->
