<?xml version="1.0" encoding="UTF-8"?>
<!-- Generated by org.testng.reporters.JUnitReportReporter -->
<testsuite ignored="0" hostname="DESKTOP-SKD8PO3" failures="0" tests="1" name="testng.Excel_Dataprovider" time="0.013" errors="0" timestamp="08 Apr 2025 16:11:03 GMT" skipped="0">
  <testcase classname="testng.Excel_Dataprovider" name="loginTest" time="0.013"/>
</testsuite> <!-- testng.Excel_Dataprovider -->
